
[06/07/2023 23:18:26] [INFO] User 'admin' Password 'admin' logged
[12/07/2023 23:03:43] [INFO] User 'admin' Password 'admin' logged
[12/07/2023 23:11:43] [INFO] User 'admin' Password 'admin' logged
[12/07/2023 23:20:08] [INFO] User 'admin' Password 'admin' logged
[12/07/2023 23:24:20] [INFO] User 'admin' Password 'admin' logged
[14/03/2024 12:40:24] [INFO] User 'user' Password 'user' logged
[14/03/2024 14:26:40] [INFO] User 'user' Password 'user' logged
[26/04/2024 17:40:43] [ERROR] User 'luzivan2' Password '123' ERROR
[26/04/2024 17:40:54] [INFO] User 'user' Password 'user' logged
[26/04/2024 17:57:50] [INFO] User 'user' Password 'user' logged
[07/12/2025 11:54:44] [ERROR] User 'luiz' Password '' ERROR
[07/12/2025 11:57:29] [ERROR] User 'luiz' Password '' ERROR
[07/12/2025 11:57:36] [ERROR] User 'user' Password ''
[07/12/2025 11:59:39] [ERROR] User 'usjjer' Password '' ERROR
[07/12/2025 11:59:44] [ERROR] User 'user' Password ''
[07/12/2025 12:03:24] [ERROR] User 'user' Password ''
[07/12/2025 12:03:29] [ERROR] User 'dfdsfds' Password '' ERROR
[07/12/2025 12:03:47] [ERROR] User '' OR  1 = 1; --'' Password ''
[07/12/2025 12:03:55] [ERROR] User '' OR  1 = 1; --'' Password ''
[07/12/2025 12:04:16] [ERROR] User '' OR  1 = 1; --'' Password '' OR  1 = 1; --''
[07/12/2025 12:05:32] [ERROR] User 'admin' OR '1'='1' --' Password ''
[07/12/2025 12:06:01] [ERROR] User 'admin' OR '1'='1' --' Password ''
[07/12/2025 12:08:29] [ERROR] User 'admin' OR '1'='1' --' Password ''
[07/12/2025 12:08:40] [INFO] User 'admin' OR '1'='1' --' Password '' logged
[07/12/2025 12:10:54] [ERROR] User 'admin' OR '1'='1' --' Password ''
[07/12/2025 12:11:20] [ERROR] User 'admin' OR '1'='1' --' Password ''
[07/12/2025 12:12:38] [INFO] User 'admin' OR '1'='1' --' Password '' logged
[07/12/2025 12:12:45] [ERROR] User 'dfdsfds' Password '' ERROR
[07/12/2025 12:12:52] [ERROR] User 'user' Password '' ERROR
[07/12/2025 12:12:59] [ERROR] User 'admin' Password '' ERROR
[07/12/2025 12:14:22] [ERROR] User 'admin' Password ''
[07/12/2025 12:14:27] [ERROR] User 'gffgh' Password '' ERROR
[07/12/2025 12:14:32] [ERROR] User 'admin' Password ''
[07/12/2025 12:14:39] [ERROR] User 'user' Password ''
[07/12/2025 12:14:59] [ERROR] User '' OR  1 = 1; --'' Password ''
[07/12/2025 12:15:32] [ERROR] User 'admin' OR '1'='1' --' Password ''
[07/12/2025 12:15:45] [ERROR] User 'admin' OR '1'='1' --' Password ''
[07/12/2025 12:15:46] [ERROR] User 'admin' OR '1'='1' --' Password ''
[07/12/2025 12:17:13] [INFO] User 'admin' OR '1'='1' --' Password '' logged
[07/12/2025 12:17:19] [ERROR] User 'usuario' Password '123' ERROR
[07/12/2025 12:17:25] [ERROR] User 'admin' Password '123' ERROR
[07/12/2025 12:19:15] [ERROR] User 'admin' Password '123' ERROR
[07/12/2025 12:19:58] [ERROR] User 'admin' Password '123' ERROR
[07/12/2025 12:20:02] [ERROR] User 'sdss' Password '123' ERROR
[07/12/2025 12:20:21] [INFO] User 'admin' OR '1'='1' --' Password '' logged
[07/12/2025 12:20:26] [INFO] User 'user' OR '1'='1' --' Password '' logged
[07/12/2025 12:20:29] [INFO] User 'admin' OR '1'='1' --' Password '' logged
[07/12/2025 12:21:51] [INFO] User 'admin' OR '1'='1' --' Password '' logged
[07/12/2025 12:23:37] [INFO] User 'admin' OR '1'='1' --' Password '' logged
[07/12/2025 12:23:40] [ERROR] User 'usuario' Password '123' ERROR
[07/12/2025 12:23:45] [ERROR] User 'admin' Password '123' ERROR
[07/12/2025 12:23:46] [ERROR] User 'admin' Password '123' ERROR
[07/12/2025 12:23:47] [ERROR] User 'admin' Password '123' ERROR
[07/12/2025 12:23:47] [ERROR] User 'admin' Password '123' ERROR
[07/12/2025 12:23:48] [ERROR] User 'admin' Password '123' ERROR
[07/12/2025 12:23:48] [ERROR] User 'admin' Password '123' ERROR
[07/12/2025 12:23:48] [ERROR] User 'admin' Password '123' ERROR
